* using log directory ‘/mnt/c/Users/renzhe/OneDrive - BGI Hong Kong Tech Co., Limited/Polyu/2025s1/RiboSeq/nextflow/riboseq/patched_packages/ORFquant-1.02/ORFquant.Rcheck’
* using R version 4.5.2 (2025-10-31)
* using platform: x86_64-pc-linux-gnu
* R was compiled by
    gcc (Ubuntu 13.3.0-6ubuntu2~24.04) 13.3.0
    GNU Fortran (Ubuntu 13.3.0-6ubuntu2~24.04) 13.3.0
* running under: Ubuntu 24.04.3 LTS
* using session charset: UTF-8
* using options ‘--no-manual --no-vignettes’
* checking for file ‘ORFquant/DESCRIPTION’ ... OK
* this is package ‘ORFquant’ version ‘1.03.0’
* package encoding: UTF-8
* checking package namespace information ... NOTE
Found export directives that require package ‘methods’:
  ‘exportClasses’ ‘exportMethods’
Remove all such namespace directives (if obsolete) or ensure that the
DESCRIPTION Depends or Imports field contains ‘methods’.
* checking package dependencies ... ERROR
Packages required but not available:
  'cowplot', 'GenomicFeatures', 'GenomicFiles', 'Gviz', 'lemon',
  'multitaper'

Depends: includes the non-default packages:
  'BiocGenerics', 'Biostrings', 'BSgenome', 'cowplot', 'devtools',
  'doFuture', 'dplyr', 'foreach', 'future', 'GenomicAlignments',
  'GenomicFeatures', 'GenomicFiles', 'GenomicRanges', 'ggplot2',
  'grid', 'gridExtra', 'Gviz', 'knitr', 'lemon', 'multitaper',
  'reshape2', 'rmarkdown', 'Rsamtools', 'rtracklayer', 'shiny'
Adding so many packages to the search path is excessive and importing
selectively is preferable.

See section ‘The DESCRIPTION file’ in the ‘Writing R Extensions’
manual.
* DONE
Status: 1 ERROR, 1 NOTE
